<?xml version="1.0" encoding="UTF-8"?>
<!-- Generated by org.testng.reporters.JUnitReportReporter -->
<testsuite hostname="APAC-79pc53xRE6" failures="0" tests="6" name="com.api.test1.ListAPI" time="4.145" errors="0" timestamp="2024-12-05T12:13:54 IST" skipped="0">
  <testcase classname="com.api.test1.ListAPI" name="createJsonApi" time="1.873"/>
  <testcase classname="com.api.test1.ListAPI" name="VerifyCreateuser1" time="0.453"/>
  <testcase classname="com.api.test1.ListAPI" name="UpdateAPIUsingJson" time="0.814"/>
  <testcase classname="com.api.test1.ListAPI" name="Verifyupdateuser" time="0.308"/>
  <testcase classname="com.api.test1.ListAPI" name="DeleteAPI" time="0.416"/>
  <testcase classname="com.api.test1.ListAPI" name="VerifyDeleteuser" time="0.281"/>
</testsuite> <!-- com.api.test1.ListAPI -->
