<?xml version="1.0" encoding="UTF-8"?>
<!-- Generated by org.testng.reporters.JUnitReportReporter -->
<testsuite hostname="APAC-79pc53xRE6" failures="0" tests="1" name="com.api.test1.UpdateAPIHashMap" time="3.823" errors="0" timestamp="2024-12-04T13:29:07 IST" skipped="0">
  <testcase classname="com.api.test1.UpdateAPIHashMap" name="UpdateAPIUsingHashMap" time="3.823"/>
</testsuite> <!-- com.api.test1.UpdateAPIHashMap -->
