<?xml version="1.0" encoding="UTF-8"?>
<!-- Generated by org.testng.reporters.JUnitReportReporter -->
<testsuite hostname="APAC-79pc53xRE6" failures="0" tests="1" name="com.api.test1.UpdateAPIJSONObject" time="2.796" errors="0" timestamp="2024-12-04T13:34:33 IST" skipped="0">
  <testcase classname="com.api.test1.UpdateAPIJSONObject" name="UpdateAPIUsingJson" time="2.796"/>
</testsuite> <!-- com.api.test1.UpdateAPIJSONObject -->
