<?xml version="1.0" encoding="UTF-8"?>
<!-- Generated by org.testng.reporters.JUnitReportReporter -->
<testsuite hostname="APAC-79pc53xRE6" failures="0" tests="1" name="com.api.test1.employee" time="3.425" errors="0" timestamp="2024-12-04T13:32:39 IST" skipped="0">
  <testcase classname="com.api.test1.employee" name="list1" time="3.425"/>
</testsuite> <!-- com.api.test1.employee -->
