<?xml version="1.0" encoding="UTF-8"?>
<!-- Generated by org.testng.reporters.JUnitReportReporter -->
<testsuite hostname="APAC-79pc53xRE6" failures="0" tests="1" name="com.api.test1.CreateFakerAPI" time="2.340" errors="0" timestamp="2024-12-05T13:00:51 IST" skipped="0">
  <testcase classname="com.api.test1.CreateFakerAPI" name="createJsonApi" time="2.340"/>
</testsuite> <!-- com.api.test1.CreateFakerAPI -->
