<?xml version="1.0" encoding="UTF-8"?>
<!-- Generated by org.testng.reporters.JUnitReportReporter -->
<testsuite hostname="APAC-79pc53xRE6" failures="0" tests="1" name="com.api.test1.CreateapiExternalFile" time="2.979" errors="0" timestamp="2024-12-04T12:50:09 IST" skipped="0">
  <testcase classname="com.api.test1.CreateapiExternalFile" name="createJSONAPIExternalfile" time="2.979"/>
</testsuite> <!-- com.api.test1.CreateapiExternalFile -->
