<?xml version="1.0" encoding="UTF-8"?>
<!-- Generated by org.testng.reporters.JUnitReportReporter -->
<testsuite hostname="APAC-79pc53xRE6" failures="0" tests="1" name="com.api.test1.BasicAuthentication" time="3.078" errors="0" timestamp="2024-12-06T11:23:52 IST" skipped="0">
  <testcase classname="com.api.test1.BasicAuthentication" name="BasicAuth" time="3.078"/>
</testsuite> <!-- com.api.test1.BasicAuthentication -->
