<?xml version="1.0" encoding="UTF-8"?>
<!-- Generated by org.testng.reporters.JUnitReportReporter -->
<testsuite hostname="APAC-79pc53xRE6" failures="0" tests="1" name="com.api.test1.Digest2API" time="2.935" errors="0" timestamp="2024-12-06T12:15:37 IST" skipped="0">
  <testcase classname="com.api.test1.Digest2API" name="DigestAPI2" time="2.935"/>
</testsuite> <!-- com.api.test1.Digest2API -->
