<?xml version="1.0" encoding="UTF-8"?>
<!-- Generated by org.testng.reporters.JUnitReportReporter -->
<testsuite hostname="APAC-79pc53xRE6" failures="0" tests="1" name="com.api.test1.OAuth2API" time="1.682" errors="0" timestamp="2024-12-06T12:58:17 IST" skipped="0">
  <testcase classname="com.api.test1.OAuth2API" name="OAthu2APITest" time="1.682"/>
</testsuite> <!-- com.api.test1.OAuth2API -->
