<?xml version="1.0" encoding="UTF-8"?>
<!-- Generated by org.testng.reporters.JUnitReportReporter -->
<testsuite hostname="APAC-79pc53xRE6" failures="0" tests="1" name="com.api.test1.Digest3API" time="3.108" errors="0" timestamp="2024-12-06T12:18:20 IST" skipped="0">
  <testcase classname="com.api.test1.Digest3API" name="Digest3API1" time="3.108"/>
</testsuite> <!-- com.api.test1.Digest3API -->
