<?xml version="1.0" encoding="UTF-8"?>
<!-- Generated by org.testng.reporters.JUnitReportReporter -->
<testsuite hostname="APAC-79pc53xRE6" failures="0" tests="3" name="com.api.test1.APIChain" time="5.507" errors="0" timestamp="2024-12-05T10:48:55 IST" skipped="0">
  <testcase classname="com.api.test1.APIChain" name="createJsonApi" time="2.604"/>
  <testcase classname="com.api.test1.APIChain" name="UpdateAPIUsingJson" time="2.159"/>
  <testcase classname="com.api.test1.APIChain" name="DeleteAPI" time="0.744"/>
</testsuite> <!-- com.api.test1.APIChain -->
